<?xml version="1.0" encoding="UTF-8"?>
<!-- Generated by org.testng.reporters.JUnitReportReporter -->
<testsuite hostname="navachetan-PC" failures="0" tests="1" name="com.crm.autodesk.Contacts.CreateContactTest" time="21.584" errors="0" timestamp="2021-12-27T15:05:09 IST" skipped="0">
  <testcase classname="com.crm.autodesk.Contacts.CreateContactTest" name="createContTest" time="21.584"/>
  <system-out/>
</testsuite> <!-- com.crm.autodesk.Contacts.CreateContactTest -->
